MalasNEW/Malas_SR_APP/app/build/intermediates/manifest_merge_blame_file/debug/manifest-merger-blame-debug-report.txt
1<?xml version="1.0" encoding="utf-8"?>
2<manifest xmlns:android="http://schemas.android.com/apk/res/android"
3    package="com.malas.appsr.malasapp"
4    android:versionCode="47"
5    android:versionName="12.3.6" >
6
7    <uses-sdk
8        android:minSdkVersion="19"
8-->src\main\AndroidManifest.xml
9        android:targetSdkVersion="33" />
9-->src\main\AndroidManifest.xml
10
11    <uses-permission android:name="android.permission.VIBRATE" />
11-->src\main\AndroidManifest.xml:5:5-66
11-->src\main\AndroidManifest.xml:5:22-63
12    <uses-permission android:name="com.google.android.c2dm.permission.RECEIVE" />
12-->src\main\AndroidManifest.xml:6:5-82
12-->src\main\AndroidManifest.xml:6:22-79
13    <uses-permission android:name="com.google.android.c2dm.permission.SEND" />
13-->src\main\AndroidManifest.xml:7:5-79
13-->src\main\AndroidManifest.xml:7:22-76
14    <uses-permission android:name="android.permission.READ_EXTERNAL_STORAGE" />
14-->src\main\AndroidManifest.xml:8:5-80
14-->src\main\AndroidManifest.xml:8:22-77
15    <uses-permission android:name="android.permission.WRITE_EXTERNAL_STORAGE" />
15-->src\main\AndroidManifest.xml:9:5-11:40
15-->src\main\AndroidManifest.xml:10:9-65
16    <uses-permission android:name="android.permission.WAKE_LOCK" />
16-->src\main\AndroidManifest.xml:12:5-68
16-->src\main\AndroidManifest.xml:12:22-65
17    <uses-permission android:name="android.permission.INTERNET" />
17-->src\main\AndroidManifest.xml:13:5-67
17-->src\main\AndroidManifest.xml:13:22-64
18    <uses-permission android:name="android.permission.ACCESS_COARSE_LOCATION" />
18-->src\main\AndroidManifest.xml:14:5-81
18-->src\main\AndroidManifest.xml:14:22-78
19    <uses-permission android:name="android.permission.ACCESS_FINE_LOCATION" />
19-->src\main\AndroidManifest.xml:15:5-79
19-->src\main\AndroidManifest.xml:15:22-76
20    <uses-permission android:name="android.permission.ACCESS_NETWORK_STATE" />
20-->src\main\AndroidManifest.xml:16:5-79
20-->src\main\AndroidManifest.xml:16:22-76
21    <uses-permission android:name="android.permission.ACCESS_WIFI_STATE" />
21-->src\main\AndroidManifest.xml:17:5-76
21-->src\main\AndroidManifest.xml:17:22-73
22    <uses-permission android:name="android.permission.CAMERA" />
22-->src\main\AndroidManifest.xml:18:5-65
22-->src\main\AndroidManifest.xml:18:22-62
23    <uses-permission android:name="android.permission.READ_PHONE_STATE" />
24    <uses-permission android:name="android.permission.POST_NOTIFICATIONS" />
24-->[com.google.firebase:firebase-messaging:23.1.0] AndroidManifest.xml:25:5-77
24-->[com.google.firebase:firebase-messaging:23.1.0] AndroidManifest.xml:25:22-74
25    <uses-permission android:name="com.google.android.gms.permission.AD_ID" />
25-->[com.google.android.gms:play-services-measurement-api:21.2.0] AndroidManifest.xml:25:5-79
25-->[com.google.android.gms:play-services-measurement-api:21.2.0] AndroidManifest.xml:25:22-76
26    <uses-permission android:name="com.google.android.finsky.permission.BIND_GET_INSTALL_REFERRER_SERVICE" />
26-->[com.google.android.gms:play-services-measurement:21.2.0] AndroidManifest.xml:26:5-110
26-->[com.google.android.gms:play-services-measurement:21.2.0] AndroidManifest.xml:26:22-107
27
28    <permission
28-->[androidx.core:core:1.9.0] AndroidManifest.xml:22:5-24:47
29        android:name="com.malas.appsr.malasapp.DYNAMIC_RECEIVER_NOT_EXPORTED_PERMISSION"
29-->[androidx.core:core:1.9.0] AndroidManifest.xml:23:9-81
30        android:protectionLevel="signature" />
30-->[androidx.core:core:1.9.0] AndroidManifest.xml:24:9-44
31
32    <uses-permission android:name="com.malas.appsr.malasapp.DYNAMIC_RECEIVER_NOT_EXPORTED_PERMISSION" /> <!-- Permission will be merged into the manifest of the hosting app. -->
32-->[androidx.core:core:1.9.0] AndroidManifest.xml:26:5-97
32-->[androidx.core:core:1.9.0] AndroidManifest.xml:26:22-94
33    <!-- Is required to launch foreground extraction service for targetSdkVersion 28+. -->
34    <uses-permission android:name="android.permission.FOREGROUND_SERVICE" />
34-->[com.google.android.play:core:1.10.3] AndroidManifest.xml:13:5-77
34-->[com.google.android.play:core:1.10.3] AndroidManifest.xml:13:22-74
35
36    <application
36-->src\main\AndroidManifest.xml:20:5-156:19
37        android:allowBackup="true"
37-->src\main\AndroidManifest.xml:21:9-35
38        android:appComponentFactory="androidx.core.app.CoreComponentFactory"
38-->[androidx.core:core:1.9.0] AndroidManifest.xml:28:18-86
39        android:debuggable="true"
40        android:icon="@mipmap/malas_logo"
40-->src\main\AndroidManifest.xml:22:9-42
41        android:label="@string/app_name"
41-->src\main\AndroidManifest.xml:23:9-41
42        android:requestLegacyExternalStorage="true"
42-->src\main\AndroidManifest.xml:24:9-52
43        android:supportsRtl="true"
43-->src\main\AndroidManifest.xml:25:9-35
44        android:testOnly="true"
45        android:theme="@style/AppTheme"
45-->src\main\AndroidManifest.xml:26:9-40
46        android:usesCleartextTraffic="true" >
46-->src\main\AndroidManifest.xml:27:9-44
47        <activity
47-->src\main\AndroidManifest.xml:31:9-37:20
48            android:name="com.malas.appsr.malasapp.activities.TourPlan"
48-->src\main\AndroidManifest.xml:32:13-48
49            android:exported="false" >
49-->src\main\AndroidManifest.xml:33:13-37
50            <meta-data
50-->src\main\AndroidManifest.xml:34:13-36:36
51                android:name="android.app.lib_name"
51-->src\main\AndroidManifest.xml:35:17-52
52                android:value="" />
52-->src\main\AndroidManifest.xml:36:17-33
53        </activity>
54        <activity
54-->src\main\AndroidManifest.xml:38:9-40:40
55            android:name="com.malas.appsr.malasapp.activities.ExitForm"
55-->src\main\AndroidManifest.xml:39:13-48
56            android:exported="false" />
56-->src\main\AndroidManifest.xml:40:13-37
57        <activity android:name="com.malas.appsr.malasapp.activities.BirthdayGreetings" />
57-->src\main\AndroidManifest.xml:41:9-66
57-->src\main\AndroidManifest.xml:41:19-63
58        <activity android:name="com.malas.appsr.malasapp.activities.ConfirmOutletOrders" />
58-->src\main\AndroidManifest.xml:42:9-68
58-->src\main\AndroidManifest.xml:42:19-65
59        <activity android:name="com.malas.appsr.malasapp.activities.ConfirmStocks" />
59-->src\main\AndroidManifest.xml:43:9-62
59-->src\main\AndroidManifest.xml:43:19-59
60        <activity android:name="com.malas.appsr.malasapp.activities.ImageZoomPreview" />
60-->src\main\AndroidManifest.xml:44:9-65
60-->src\main\AndroidManifest.xml:44:19-62
61        <activity android:name="com.malas.appsr.malasapp.activities.Catalogue" />
61-->src\main\AndroidManifest.xml:45:9-58
61-->src\main\AndroidManifest.xml:45:19-55
62        <activity android:name="com.malas.appsr.malasapp.activities.salaryslip.SalarySlipPreview" />
62-->src\main\AndroidManifest.xml:46:9-77
62-->src\main\AndroidManifest.xml:46:19-74
63        <activity android:name="com.malas.appsr.malasapp.temp.tempShowPlaceOrderNew" />
63-->src\main\AndroidManifest.xml:47:9-64
63-->src\main\AndroidManifest.xml:47:19-61
64        <activity android:name="com.malas.appsr.malasapp.activities.ClockInOut" />
64-->src\main\AndroidManifest.xml:48:9-59
64-->src\main\AndroidManifest.xml:48:19-56
65        <activity android:name="com.malas.appsr.malasapp.activities.ExpenseManagement" />
65-->src\main\AndroidManifest.xml:49:9-66
65-->src\main\AndroidManifest.xml:49:19-63
66        <activity android:name="com.malas.appsr.malasapp.activities.HolidayCalendar" />
66-->src\main\AndroidManifest.xml:50:9-64
66-->src\main\AndroidManifest.xml:50:19-61
67
68        <uses-library
68-->src\main\AndroidManifest.xml:52:9-54:40
69            android:name="org.apache.http.legacy"
69-->src\main\AndroidManifest.xml:53:13-50
70            android:required="false" />
70-->src\main\AndroidManifest.xml:54:13-37
71
72        <activity
72-->src\main\AndroidManifest.xml:56:9-66:20
73            android:name="com.malas.appsr.malasapp.SplashActivity"
73-->src\main\AndroidManifest.xml:57:13-43
74            android:exported="true"
74-->src\main\AndroidManifest.xml:58:13-36
75            android:label="@string/app_name"
75-->src\main\AndroidManifest.xml:59:13-45
76            android:theme="@style/Theme.AppCompat.Light.NoActionBar" >
76-->src\main\AndroidManifest.xml:60:13-69
77            <intent-filter>
77-->src\main\AndroidManifest.xml:61:13-65:29
78                <action android:name="android.intent.action.MAIN" />
78-->src\main\AndroidManifest.xml:62:17-69
78-->src\main\AndroidManifest.xml:62:25-66
79
80                <category android:name="android.intent.category.LAUNCHER" />
80-->src\main\AndroidManifest.xml:64:17-77
80-->src\main\AndroidManifest.xml:64:27-74
81            </intent-filter>
82        </activity>
83        <activity android:name="com.malas.appsr.malasapp.activities.AddNewOutletActivity" />
83-->src\main\AndroidManifest.xml:67:9-69
83-->src\main\AndroidManifest.xml:67:19-66
84        <activity
84-->src\main\AndroidManifest.xml:68:9-71:72
85            android:name="com.malas.appsr.malasapp.activities.RegistrationActivity"
85-->src\main\AndroidManifest.xml:69:13-60
86            android:label="RegistrationActivity"
86-->src\main\AndroidManifest.xml:70:13-49
87            android:theme="@style/Theme.AppCompat.Light.NoActionBar" />
87-->src\main\AndroidManifest.xml:71:13-69
88        <activity
88-->src\main\AndroidManifest.xml:72:9-75:72
89            android:name="com.malas.appsr.malasapp.activities.LoginActivity"
89-->src\main\AndroidManifest.xml:73:13-53
90            android:label="LoginActivity"
90-->src\main\AndroidManifest.xml:74:13-42
91            android:theme="@style/Theme.AppCompat.Light.NoActionBar" />
91-->src\main\AndroidManifest.xml:75:13-69
92
93        <service
93-->src\main\AndroidManifest.xml:77:9-79:40
94            android:name="com.malas.appsr.malasapp.ApiIntentService.RegistrationService"
94-->src\main\AndroidManifest.xml:78:13-65
95            android:exported="false" />
95-->src\main\AndroidManifest.xml:79:13-37
96
97        <activity
97-->src\main\AndroidManifest.xml:81:9-84:59
98            android:name="com.malas.appsr.malasapp.HomeActivity"
98-->src\main\AndroidManifest.xml:82:13-41
99            android:label="@string/title_activity_home"
99-->src\main\AndroidManifest.xml:83:13-56
100            android:theme="@style/AppTheme.NoActionBar" />
100-->src\main\AndroidManifest.xml:84:13-56
101        <activity android:name="com.malas.appsr.malasapp.activities.AddRouteActivity" />
101-->src\main\AndroidManifest.xml:85:9-65
101-->src\main\AndroidManifest.xml:85:19-62
102        <activity android:name="com.malas.appsr.malasapp.activities.ShowOutLetActivity" />
102-->src\main\AndroidManifest.xml:86:9-67
102-->src\main\AndroidManifest.xml:86:19-64
103        <activity android:name="com.malas.appsr.malasapp.activities.ShowRouteActivity" />
103-->src\main\AndroidManifest.xml:87:9-66
103-->src\main\AndroidManifest.xml:87:19-63
104        <activity android:name="com.malas.appsr.malasapp.activities.UserProfileActivity" />
104-->src\main\AndroidManifest.xml:88:9-68
104-->src\main\AndroidManifest.xml:88:19-65
105        <activity android:name="com.malas.appsr.malasapp.activities.AboutUsActivity" />
105-->src\main\AndroidManifest.xml:89:9-64
105-->src\main\AndroidManifest.xml:89:19-61
106        <activity android:name="com.malas.appsr.malasapp.activities.CatagoryHandlerActivity" />
106-->src\main\AndroidManifest.xml:90:9-72
106-->src\main\AndroidManifest.xml:90:19-69
107        <activity android:name="com.malas.appsr.malasapp.activities.TakeStockActivity" />
107-->src\main\AndroidManifest.xml:91:9-66
107-->src\main\AndroidManifest.xml:91:19-63
108        <activity android:name="com.malas.appsr.malasapp.activities.ShowTakedStock" />
108-->src\main\AndroidManifest.xml:92:9-63
108-->src\main\AndroidManifest.xml:92:19-60
109        <activity android:name="com.malas.appsr.malasapp.activities.AddTakeStock" />
109-->src\main\AndroidManifest.xml:93:9-61
109-->src\main\AndroidManifest.xml:93:19-58
110        <activity android:name="com.malas.appsr.malasapp.activities.TakeOrderActivity" />
110-->src\main\AndroidManifest.xml:94:9-66
110-->src\main\AndroidManifest.xml:94:19-63
111        <activity android:name="com.malas.appsr.malasapp.activities.OutletOrdersActivity" />
111-->src\main\AndroidManifest.xml:95:9-69
111-->src\main\AndroidManifest.xml:95:19-66
112        <activity android:name="com.malas.appsr.malasapp.activities.AddTakeOrder" />
112-->src\main\AndroidManifest.xml:96:9-61
112-->src\main\AndroidManifest.xml:96:19-58
113        <activity android:name="com.malas.appsr.malasapp.activities.ViewTakenOrder" />
113-->src\main\AndroidManifest.xml:97:9-63
113-->src\main\AndroidManifest.xml:97:19-60
114        <activity android:name="com.malas.appsr.malasapp.activities.ShowPlaceOrder" />
114-->src\main\AndroidManifest.xml:98:9-63
114-->src\main\AndroidManifest.xml:98:19-60
115        <activity android:name="com.malas.appsr.malasapp.activities.EditTakenStock" />
115-->src\main\AndroidManifest.xml:99:9-63
115-->src\main\AndroidManifest.xml:99:19-60
116        <activity android:name="com.malas.appsr.malasapp.activities.CustomerActivityDetail" />
116-->src\main\AndroidManifest.xml:100:9-71
116-->src\main\AndroidManifest.xml:100:19-68
117        <activity android:name="com.malas.appsr.malasapp.activities.EditTakenOrder" />
117-->src\main\AndroidManifest.xml:101:9-63
117-->src\main\AndroidManifest.xml:101:19-60
118        <activity android:name="com.malas.appsr.malasapp.activities.ChangePasswordActivity" />
118-->src\main\AndroidManifest.xml:102:9-71
118-->src\main\AndroidManifest.xml:102:19-68
119        <activity android:name="com.malas.appsr.malasapp.activities.PlaceOrderToDistributor" />
119-->src\main\AndroidManifest.xml:103:9-72
119-->src\main\AndroidManifest.xml:103:19-69
120        <activity android:name="com.malas.appsr.malasapp.activities.TargetActivity" />
120-->src\main\AndroidManifest.xml:104:9-63
120-->src\main\AndroidManifest.xml:104:19-60
121        <activity android:name="com.malas.appsr.malasapp.activities.ShowPlaceOrderNew" />
121-->src\main\AndroidManifest.xml:105:9-66
121-->src\main\AndroidManifest.xml:105:19-63
122        <activity android:name="com.malas.appsr.malasapp.activities.ReportGridActivity" />
122-->src\main\AndroidManifest.xml:106:9-67
122-->src\main\AndroidManifest.xml:106:19-64
123        <activity android:name="com.malas.appsr.malasapp.activities.AverageLineCutActivity" />
123-->src\main\AndroidManifest.xml:107:9-71
123-->src\main\AndroidManifest.xml:107:19-68
124        <activity android:name="com.malas.appsr.malasapp.activities.TopViewReport" />
124-->src\main\AndroidManifest.xml:108:9-62
124-->src\main\AndroidManifest.xml:108:19-59
125        <activity android:name="com.malas.appsr.malasapp.activities.AverageBillReport" />
125-->src\main\AndroidManifest.xml:109:9-66
125-->src\main\AndroidManifest.xml:109:19-63
126        <activity android:name="com.malas.appsr.malasapp.activities.UniqueBillOutletReport" />
126-->src\main\AndroidManifest.xml:110:9-71
126-->src\main\AndroidManifest.xml:110:19-68
127        <activity android:name="com.malas.appsr.malasapp.activities.ProductivityReport" />
127-->src\main\AndroidManifest.xml:111:9-67
127-->src\main\AndroidManifest.xml:111:19-64
128        <activity
128-->src\main\AndroidManifest.xml:112:9-114:59
129            android:name="com.malas.appsr.malasapp.activities.SRReasonActivity"
129-->src\main\AndroidManifest.xml:113:13-56
130            android:theme="@android:style/Theme.Dialog" />
130-->src\main\AndroidManifest.xml:114:13-56
131        <activity android:name="com.malas.appsr.malasapp.activities.BroadcastActivity" />
131-->src\main\AndroidManifest.xml:115:9-66
131-->src\main\AndroidManifest.xml:115:19-63
132        <activity android:name="com.malas.appsr.malasapp.activities.PlaceOrderListActivity" />
132-->src\main\AndroidManifest.xml:116:9-71
132-->src\main\AndroidManifest.xml:116:19-68
133        <activity android:name="com.malas.appsr.malasapp.activities.ShowPreviousPlacedOrderList" />
133-->src\main\AndroidManifest.xml:117:9-76
133-->src\main\AndroidManifest.xml:117:19-73
134        <activity android:name="com.malas.appsr.malasapp.activities.UploadImageForActivity" />
134-->src\main\AndroidManifest.xml:118:9-71
134-->src\main\AndroidManifest.xml:118:19-68
135        <activity android:name="com.malas.appsr.malasapp.activities.ConfirmPlaceOrderActivity" />
135-->src\main\AndroidManifest.xml:119:9-121:14
135-->src\main\AndroidManifest.xml:120:13-65
136        <activity
136-->src\main\AndroidManifest.xml:122:9-124:59
137            android:name="com.malas.appsr.malasapp.activities.CustomerFeedbackListActivity"
137-->src\main\AndroidManifest.xml:123:13-68
138            android:theme="@android:style/Theme.Dialog" />
138-->src\main\AndroidManifest.xml:124:13-56
139        <activity
139-->src\main\AndroidManifest.xml:125:9-127:59
140            android:name="com.malas.appsr.malasapp.activities.OfflineOrderData"
140-->src\main\AndroidManifest.xml:126:13-56
141            android:theme="@android:style/Theme.Dialog" />
141-->src\main\AndroidManifest.xml:127:13-56
142        <activity
142-->src\main\AndroidManifest.xml:128:9-130:59
143            android:name="com.malas.appsr.malasapp.activities.ActivityLoginDetailsDialog"
143-->src\main\AndroidManifest.xml:129:13-66
144            android:theme="@android:style/Theme.Dialog" />
144-->src\main\AndroidManifest.xml:130:13-56
145        <activity android:name="com.malas.appsr.malasapp.activities.ActivitySR" />
145-->src\main\AndroidManifest.xml:131:9-59
145-->src\main\AndroidManifest.xml:131:19-56
146        <activity android:name="com.malas.appsr.malasapp.activities.ActivitySRDetail" />
146-->src\main\AndroidManifest.xml:132:9-65
146-->src\main\AndroidManifest.xml:132:19-62
147        <activity android:name="com.malas.appsr.malasapp.activities.LeaveMangementActivity" />
147-->src\main\AndroidManifest.xml:133:9-71
147-->src\main\AndroidManifest.xml:133:19-68
148        <activity android:name="com.malas.appsr.malasapp.activities.ActivitySelectDetail" />
148-->src\main\AndroidManifest.xml:134:9-69
148-->src\main\AndroidManifest.xml:134:19-66
149        <activity android:name="com.malas.appsr.malasapp.activities.CustomerActivityForm" /> <!-- Firebase Notifications -->
149-->src\main\AndroidManifest.xml:135:9-69
149-->src\main\AndroidManifest.xml:135:19-66
150        <service
150-->src\main\AndroidManifest.xml:136:9-142:19
151            android:name="com.malas.appsr.malasapp.service.MyFirebaseMessagingService"
151-->src\main\AndroidManifest.xml:137:13-63
152            android:exported="false" >
152-->src\main\AndroidManifest.xml:138:13-37
153            <intent-filter>
153-->src\main\AndroidManifest.xml:139:13-141:29
154                <action android:name="com.google.firebase.MESSAGING_EVENT" />
154-->src\main\AndroidManifest.xml:140:17-78
154-->src\main\AndroidManifest.xml:140:25-75
155            </intent-filter>
156        </service>
157        <service android:name="com.malas.appsr.malasapp.services.geocoder.FetchAddressIntentService" />
157-->src\main\AndroidManifest.xml:143:9-80
157-->src\main\AndroidManifest.xml:143:18-77
158
159        <activity android:name="com.malas.appsr.malasapp.util.HalfCircleProgressDemo" />
159-->src\main\AndroidManifest.xml:145:9-65
159-->src\main\AndroidManifest.xml:145:19-62
160
161        <provider
161-->src\main\AndroidManifest.xml:147:9-155:20
162            android:name="androidx.core.content.FileProvider"
162-->src\main\AndroidManifest.xml:148:13-62
163            android:authorities="com.malas.appsr.fileprovider"
163-->src\main\AndroidManifest.xml:149:13-63
164            android:exported="false"
164-->src\main\AndroidManifest.xml:150:13-37
165            android:grantUriPermissions="true" >
165-->src\main\AndroidManifest.xml:151:13-47
166            <meta-data
166-->src\main\AndroidManifest.xml:152:13-154:56
167                android:name="android.support.FILE_PROVIDER_PATHS"
167-->src\main\AndroidManifest.xml:153:17-67
168                android:resource="@xml/fileprovider" />
168-->src\main\AndroidManifest.xml:154:17-53
169        </provider>
170
171        <activity
171-->[com.google.android.gms:play-services-auth:20.3.0] AndroidManifest.xml:23:9-27:75
172            android:name="com.google.android.gms.auth.api.signin.internal.SignInHubActivity"
172-->[com.google.android.gms:play-services-auth:20.3.0] AndroidManifest.xml:24:13-93
173            android:excludeFromRecents="true"
173-->[com.google.android.gms:play-services-auth:20.3.0] AndroidManifest.xml:25:13-46
174            android:exported="false"
174-->[com.google.android.gms:play-services-auth:20.3.0] AndroidManifest.xml:26:13-37
175            android:theme="@android:style/Theme.Translucent.NoTitleBar" />
175-->[com.google.android.gms:play-services-auth:20.3.0] AndroidManifest.xml:27:13-72
176        <!--
177            Service handling Google Sign-In user revocation. For apps that do not integrate with
178            Google Sign-In, this service will never be started.
179        -->
180        <service
180-->[com.google.android.gms:play-services-auth:20.3.0] AndroidManifest.xml:33:9-37:51
181            android:name="com.google.android.gms.auth.api.signin.RevocationBoundService"
181-->[com.google.android.gms:play-services-auth:20.3.0] AndroidManifest.xml:34:13-89
182            android:exported="true"
182-->[com.google.android.gms:play-services-auth:20.3.0] AndroidManifest.xml:35:13-36
183            android:permission="com.google.android.gms.auth.api.signin.permission.REVOCATION_NOTIFICATION"
183-->[com.google.android.gms:play-services-auth:20.3.0] AndroidManifest.xml:36:13-107
184            android:visibleToInstantApps="true" />
184-->[com.google.android.gms:play-services-auth:20.3.0] AndroidManifest.xml:37:13-48
185
186        <receiver
186-->[com.google.firebase:firebase-messaging:23.1.0] AndroidManifest.xml:31:9-38:20
187            android:name="com.google.firebase.iid.FirebaseInstanceIdReceiver"
187-->[com.google.firebase:firebase-messaging:23.1.0] AndroidManifest.xml:32:13-78
188            android:exported="true"
188-->[com.google.firebase:firebase-messaging:23.1.0] AndroidManifest.xml:33:13-36
189            android:permission="com.google.android.c2dm.permission.SEND" >
189-->[com.google.firebase:firebase-messaging:23.1.0] AndroidManifest.xml:34:13-73
190            <intent-filter>
190-->[com.google.firebase:firebase-messaging:23.1.0] AndroidManifest.xml:35:13-37:29
191                <action android:name="com.google.android.c2dm.intent.RECEIVE" />
191-->[com.google.firebase:firebase-messaging:23.1.0] AndroidManifest.xml:36:17-81
191-->[com.google.firebase:firebase-messaging:23.1.0] AndroidManifest.xml:36:25-78
192            </intent-filter>
193        </receiver>
194        <!--
195             FirebaseMessagingService performs security checks at runtime,
196             but set to not exported to explicitly avoid allowing another app to call it.
197        -->
198        <service
198-->[com.google.firebase:firebase-messaging:23.1.0] AndroidManifest.xml:44:9-51:19
199            android:name="com.google.firebase.messaging.FirebaseMessagingService"
199-->[com.google.firebase:firebase-messaging:23.1.0] AndroidManifest.xml:45:13-82
200            android:directBootAware="true"
200-->[com.google.firebase:firebase-messaging:23.1.0] AndroidManifest.xml:46:13-43
201            android:exported="false" >
201-->[com.google.firebase:firebase-messaging:23.1.0] AndroidManifest.xml:47:13-37
202            <intent-filter android:priority="-500" >
202-->src\main\AndroidManifest.xml:139:13-141:29
203                <action android:name="com.google.firebase.MESSAGING_EVENT" />
203-->src\main\AndroidManifest.xml:140:17-78
203-->src\main\AndroidManifest.xml:140:25-75
204            </intent-filter>
205        </service>
206        <service
206-->[com.google.firebase:firebase-messaging:23.1.0] AndroidManifest.xml:52:9-58:19
207            android:name="com.google.firebase.components.ComponentDiscoveryService"
207-->[com.google.firebase:firebase-messaging:23.1.0] AndroidManifest.xml:53:13-84
208            android:directBootAware="true"
208-->[com.google.firebase:firebase-common:20.2.0] AndroidManifest.xml:34:13-43
209            android:exported="false" >
209-->[com.google.firebase:firebase-messaging:23.1.0] AndroidManifest.xml:54:13-37
210            <meta-data
210-->[com.google.firebase:firebase-messaging:23.1.0] AndroidManifest.xml:55:13-57:85
211                android:name="com.google.firebase.components:com.google.firebase.messaging.FirebaseMessagingRegistrar"
211-->[com.google.firebase:firebase-messaging:23.1.0] AndroidManifest.xml:56:17-119
212                android:value="com.google.firebase.components.ComponentRegistrar" />
212-->[com.google.firebase:firebase-messaging:23.1.0] AndroidManifest.xml:57:17-82
213            <meta-data
213-->[com.google.firebase:firebase-crashlytics:18.2.12] AndroidManifest.xml:18:13-20:85
214                android:name="com.google.firebase.components:com.google.firebase.crashlytics.CrashlyticsRegistrar"
214-->[com.google.firebase:firebase-crashlytics:18.2.12] AndroidManifest.xml:19:17-115
215                android:value="com.google.firebase.components.ComponentRegistrar" />
215-->[com.google.firebase:firebase-crashlytics:18.2.12] AndroidManifest.xml:20:17-82
216            <meta-data
216-->[com.google.android.gms:play-services-measurement-api:21.2.0] AndroidManifest.xml:31:13-33:85
217                android:name="com.google.firebase.components:com.google.firebase.analytics.connector.internal.AnalyticsConnectorRegistrar"
217-->[com.google.android.gms:play-services-measurement-api:21.2.0] AndroidManifest.xml:32:17-139
218                android:value="com.google.firebase.components.ComponentRegistrar" />
218-->[com.google.android.gms:play-services-measurement-api:21.2.0] AndroidManifest.xml:33:17-82
219            <meta-data
219-->[com.google.firebase:firebase-installations:17.1.0] AndroidManifest.xml:17:13-19:85
220                android:name="com.google.firebase.components:com.google.firebase.installations.FirebaseInstallationsRegistrar"
220-->[com.google.firebase:firebase-installations:17.1.0] AndroidManifest.xml:18:17-127
221                android:value="com.google.firebase.components.ComponentRegistrar" />
221-->[com.google.firebase:firebase-installations:17.1.0] AndroidManifest.xml:19:17-82
222            <meta-data
222-->[com.google.firebase:firebase-datatransport:18.1.7] AndroidManifest.xml:27:13-29:85
223                android:name="com.google.firebase.components:com.google.firebase.datatransport.TransportRegistrar"
223-->[com.google.firebase:firebase-datatransport:18.1.7] AndroidManifest.xml:28:17-115
224                android:value="com.google.firebase.components.ComponentRegistrar" />
224-->[com.google.firebase:firebase-datatransport:18.1.7] AndroidManifest.xml:29:17-82
225        </service>
226
227        <activity
227-->[com.google.android.gms:play-services-base:18.0.1] AndroidManifest.xml:20:9-22:45
228            android:name="com.google.android.gms.common.api.GoogleApiActivity"
228-->[com.google.android.gms:play-services-base:18.0.1] AndroidManifest.xml:20:19-85
229            android:exported="false"
229-->[com.google.android.gms:play-services-base:18.0.1] AndroidManifest.xml:22:19-43
230            android:theme="@android:style/Theme.Translucent.NoTitleBar" />
230-->[com.google.android.gms:play-services-base:18.0.1] AndroidManifest.xml:21:19-78
231
232        <provider
232-->[com.google.firebase:firebase-common:20.2.0] AndroidManifest.xml:25:9-30:39
233            android:name="com.google.firebase.provider.FirebaseInitProvider"
233-->[com.google.firebase:firebase-common:20.2.0] AndroidManifest.xml:26:13-77
234            android:authorities="com.malas.appsr.malasapp.firebaseinitprovider"
234-->[com.google.firebase:firebase-common:20.2.0] AndroidManifest.xml:27:13-72
235            android:directBootAware="true"
235-->[com.google.firebase:firebase-common:20.2.0] AndroidManifest.xml:28:13-43
236            android:exported="false"
236-->[com.google.firebase:firebase-common:20.2.0] AndroidManifest.xml:29:13-37
237            android:initOrder="100" />
237-->[com.google.firebase:firebase-common:20.2.0] AndroidManifest.xml:30:13-36
238
239        <receiver
239-->[com.google.android.gms:play-services-measurement:21.2.0] AndroidManifest.xml:29:9-33:20
240            android:name="com.google.android.gms.measurement.AppMeasurementReceiver"
240-->[com.google.android.gms:play-services-measurement:21.2.0] AndroidManifest.xml:30:13-85
241            android:enabled="true"
241-->[com.google.android.gms:play-services-measurement:21.2.0] AndroidManifest.xml:31:13-35
242            android:exported="false" >
242-->[com.google.android.gms:play-services-measurement:21.2.0] AndroidManifest.xml:32:13-37
243        </receiver>
244
245        <service
245-->[com.google.android.gms:play-services-measurement:21.2.0] AndroidManifest.xml:35:9-38:40
246            android:name="com.google.android.gms.measurement.AppMeasurementService"
246-->[com.google.android.gms:play-services-measurement:21.2.0] AndroidManifest.xml:36:13-84
247            android:enabled="true"
247-->[com.google.android.gms:play-services-measurement:21.2.0] AndroidManifest.xml:37:13-35
248            android:exported="false" />
248-->[com.google.android.gms:play-services-measurement:21.2.0] AndroidManifest.xml:38:13-37
249        <service
249-->[com.google.android.gms:play-services-measurement:21.2.0] AndroidManifest.xml:39:9-43:72
250            android:name="com.google.android.gms.measurement.AppMeasurementJobService"
250-->[com.google.android.gms:play-services-measurement:21.2.0] AndroidManifest.xml:40:13-87
251            android:enabled="true"
251-->[com.google.android.gms:play-services-measurement:21.2.0] AndroidManifest.xml:41:13-35
252            android:exported="false"